Summary of SPARK analysis
=========================

--------------------------------------------------------------------------------------------------------
SPARK Analysis results        Total       Flow   Interval   CodePeer      Provers   Justified   Unproved
--------------------------------------------------------------------------------------------------------
Data Dependencies                 .          .          .          .            .           .          .
Flow Dependencies                 4          4          .          .            .           .          .
Initialization                    3          3          .          .            .           .          .
Non-Aliasing                      .          .          .          .            .           .          .
Run-time Checks                  18          .          .          .    18 (CVC4)           .          .
Assertions                        2          .          .          .     2 (CVC4)           .          .
Functional Contracts              7          .          .          .     7 (CVC4)           .          .
LSP Verification                  .          .          .          .            .           .          .
--------------------------------------------------------------------------------------------------------
Total                            34    7 (21%)          .          .     27 (79%)           .          .


max steps used for successful proof: 1

Analyzed 1 unit
in unit exercises, 5 subprograms and packages out of 5 analyzed
  exercises at exercises.ads:1 flow analyzed (0 errors, 0 checks and 0 warnings) and proved (0 checks)
  exercises.Calc at exercises.ads:7 flow analyzed (0 errors, 0 checks and 0 warnings) and proved (6 checks)
  exercises.CalculateCharge at exercises.ads:16 flow analyzed (0 errors, 0 checks and 0 warnings) and proved (3 checks)
  exercises.MaskSequence at exercises.ads:30 flow analyzed (0 errors, 0 checks and 0 warnings) and proved (10 checks)
  exercises.Modify at exercises.ads:23 flow analyzed (0 errors, 0 checks and 0 warnings) and proved (8 checks)
